#
# There is insufficient memory for the Java Runtime Environment to continue.
# Native memory allocation (malloc) failed to allocate 1048576 bytes for AllocateHeap
# Possible reasons:
#   The system is out of physical RAM or swap space
#   The process is running with CompressedOops enabled, and the Java Heap may be blocking the growth of the native heap
# Possible solutions:
#   Reduce memory load on the system
#   Increase physical memory or swap space
#   Check if swap backing store is full
#   Decrease Java heap size (-Xmx/-Xms)
#   Decrease number of Java threads
#   Decrease Java thread stack sizes (-Xss)
#   Set larger code cache with -XX:ReservedCodeCacheSize=
# This output file may be truncated or incomplete.
#
#  Out of Memory Error (./src/hotspot/share/memory/allocation.cpp:46), pid=59728, tid=58460
#
# JRE version:  (11.0.10+9) (build )
# Java VM: Dynamic Code Evolution 64-Bit Server VM (11.0.10+9-b1341.41, mixed mode, sharing, tiered, compressed oops, g1 gc, windows-amd64)
# No core dump will be written. Minidumps are not enabled by default on client versions of Windows
#

---------------  S U M M A R Y ------------

Command Line: org.jetbrains.git4idea.http.GitAskPassApp Username for 'https://github.com': 

Host: Intel(R) Core(TM) i7-8750H CPU @ 2.20GHz, 12 cores, 7G,  Windows 10 , 64 bit Build 19041 (10.0.19041.928)
Time: Wed May 19 23:01:10 2021 Est (heure d’été) elapsed time: 0.014340 seconds (0d 0h 0m 0s)

---------------  T H R E A D  ---------------

Current thread (0x0000021ccd5a4800):  JavaThread "Unknown thread" [_thread_in_vm, id=58460, stack(0x0000007f19f00000,0x0000007f1a000000)]

Stack: [0x0000007f19f00000,0x0000007f1a000000]
Native frames: (J=compiled Java code, j=interpreted, Vv=VM code, C=native code)
V  [jvm.dll+0x5f84fa]
V  [jvm.dll+0x77e085]
V  [jvm.dll+0x77f5dd]
V  [jvm.dll+0x77fc93]
V  [jvm.dll+0x2457e8]
V  [jvm.dll+0xb4b54]
V  [jvm.dll+0x2e3da7]
V  [jvm.dll+0x2dce1a]
V  [jvm.dll+0x75c4d7]
V  [jvm.dll+0x75dd6c]
V  [jvm.dll+0x35cdb9]
V  [jvm.dll+0x73fc9e]
V  [jvm.dll+0x3c5663]
V  [jvm.dll+0x3c7a21]
C  [jli.dll+0x5373]
C  [ucrtbase.dll+0x21bb2]
C  [KERNEL32.DLL+0x17034]
C  [ntdll.dll+0x52651]


---------------  P R O C E S S  ---------------

Threads class SMR info:
_java_thread_list=0x0000021ccd436830, length=0, elements={
}

Java Threads: ( => current thread )

Other Threads:
  0x0000021ccd5bc800 GCTaskThread "GC Thread#0" [stack: 0x0000007f1a000000,0x0000007f1a100000] [id=59916]

[error occurred during error reporting (printing all threads), id 0xc0000005, EXCEPTION_ACCESS_VIOLATION (0xc0000005) at pc=0x00007ff8d4a19180]

VM state:not at safepoint (not fully initialized)

VM Mutex/Monitor currently owned by a thread:  ([mutex/lock_event])
[0x0000021ccd59fef0] Heap_lock - owner thread: 0x0000021ccd5a4800

Heap address: 0x0000000082400000, size: 2012 MB, Compressed Oops mode: Non-zero based: 0x0000000082400000
Narrow klass base: 0x0000000000000000, Narrow klass shift: 0

GC Heap History (0 events):
No events

Deoptimization events (0 events):
No events

Classes redefined (0 events):
No events

Internal exceptions (0 events):
No events

Events (1 events):
Event: 0.008 Loaded shared library C:\Program Files\JetBrains\PyCharm 2021.1.1\jbr\bin\zip.dll


Dynamic libraries:
0x00007ff787590000 - 0x00007ff78759a000 	C:\Program Files\JetBrains\PyCharm 2021.1.1\jbr\bin\java.exe
0x00007ff944230000 - 0x00007ff944425000 	C:\WINDOWS\SYSTEM32\ntdll.dll
0x00007ff902b40000 - 0x00007ff902b53000 	C:\Program Files\AVAST Software\Avast\aswhook.dll
0x00007ff942e90000 - 0x00007ff942f4d000 	C:\WINDOWS\System32\KERNEL32.DLL
0x00007ff941aa0000 - 0x00007ff941d68000 	C:\WINDOWS\System32\KERNELBASE.dll
0x00007ff941ea0000 - 0x00007ff941fa0000 	C:\WINDOWS\System32\ucrtbase.dll
0x00007ff9341a0000 - 0x00007ff9341b9000 	C:\Program Files\JetBrains\PyCharm 2021.1.1\jbr\bin\jli.dll
0x00007ff933e40000 - 0x00007ff933e57000 	C:\Program Files\JetBrains\PyCharm 2021.1.1\jbr\bin\VCRUNTIME140.dll
0x00007ff9427b0000 - 0x00007ff942950000 	C:\WINDOWS\System32\USER32.dll
0x00007ff941970000 - 0x00007ff941992000 	C:\WINDOWS\System32\win32u.dll
0x00007ff942780000 - 0x00007ff9427aa000 	C:\WINDOWS\System32\GDI32.dll
0x00007ff942180000 - 0x00007ff94228b000 	C:\WINDOWS\System32\gdi32full.dll
0x00007ff941e00000 - 0x00007ff941e9d000 	C:\WINDOWS\System32\msvcp_win.dll
0x00007ff92c020000 - 0x00007ff92c2ba000 	C:\WINDOWS\WinSxS\amd64_microsoft.windows.common-controls_6595b64144ccf1df_6.0.19041.844_none_ca00b6081b84eb1d\COMCTL32.dll
0x00007ff9430a0000 - 0x00007ff94313e000 	C:\WINDOWS\System32\msvcrt.dll
0x00007ff9436a0000 - 0x00007ff9436d0000 	C:\WINDOWS\System32\IMM32.DLL
0x00007ff91cba0000 - 0x00007ff91cc3d000 	C:\Program Files\JetBrains\PyCharm 2021.1.1\jbr\bin\msvcp140.dll
0x00007ff8d4730000 - 0x00007ff8d527f000 	C:\Program Files\JetBrains\PyCharm 2021.1.1\jbr\bin\server\jvm.dll
0x00007ff943590000 - 0x00007ff94363c000 	C:\WINDOWS\System32\ADVAPI32.dll
0x00007ff942d30000 - 0x00007ff942dcb000 	C:\WINDOWS\System32\sechost.dll
0x00007ff9437b0000 - 0x00007ff9438db000 	C:\WINDOWS\System32\RPCRT4.dll
0x00007ff943090000 - 0x00007ff943098000 	C:\WINDOWS\System32\PSAPI.DLL
0x00007ff92b260000 - 0x00007ff92b269000 	C:\WINDOWS\SYSTEM32\WSOCK32.dll
0x00007ff92c470000 - 0x00007ff92c497000 	C:\WINDOWS\SYSTEM32\WINMM.dll
0x00007ff943020000 - 0x00007ff94308b000 	C:\WINDOWS\System32\WS2_32.dll
0x00007ff937690000 - 0x00007ff93769a000 	C:\WINDOWS\SYSTEM32\VERSION.dll
0x00007ff940270000 - 0x00007ff940282000 	C:\WINDOWS\SYSTEM32\kernel.appcore.dll
0x00007ff9380b0000 - 0x00007ff9380c1000 	C:\Program Files\JetBrains\PyCharm 2021.1.1\jbr\bin\verify.dll
0x00007ff93c840000 - 0x00007ff93ca24000 	C:\WINDOWS\SYSTEM32\DBGHELP.DLL
0x00007ff933df0000 - 0x00007ff933e1c000 	C:\WINDOWS\SYSTEM32\dbgcore.DLL
0x00007ff942100000 - 0x00007ff942180000 	C:\WINDOWS\System32\bcryptPrimitives.dll
0x00007ff937ce0000 - 0x00007ff937d09000 	C:\Program Files\JetBrains\PyCharm 2021.1.1\jbr\bin\java.dll
0x00007ff937f10000 - 0x00007ff937f1b000 	C:\Program Files\JetBrains\PyCharm 2021.1.1\jbr\bin\jimage.dll
0x00007ff937ed0000 - 0x00007ff937ee8000 	C:\Program Files\JetBrains\PyCharm 2021.1.1\jbr\bin\zip.dll

dbghelp: loaded successfully - version: 4.0.5 - missing functions: none
symbol engine: initialized successfully - sym options: 0x614 - pdb path: .;C:\Program Files\JetBrains\PyCharm 2021.1.1\jbr\bin;C:\WINDOWS\SYSTEM32;C:\Program Files\AVAST Software\Avast;C:\WINDOWS\WinSxS\amd64_microsoft.windows.common-controls_6595b64144ccf1df_6.0.19041.844_none_ca00b6081b84eb1d;C:\Program Files\JetBrains\PyCharm 2021.1.1\jbr\bin\server

VM Arguments:
java_command: org.jetbrains.git4idea.http.GitAskPassApp Username for 'https://github.com': 
java_class_path (initial): C:/Program Files/JetBrains/PyCharm 2021.1.1/plugins/git4idea/lib/git4idea-rt.jar;C:/Program Files/JetBrains/PyCharm 2021.1.1/lib/xmlrpc-2.0.1.jar;C:/Program Files/JetBrains/PyCharm 2021.1.1/lib/commons-codec-1.15.jar
Launcher Type: SUN_STANDARD

[Global flags]
     intx CICompilerCount                          = 4                                         {product} {ergonomic}
     uint ConcGCThreads                            = 3                                         {product} {ergonomic}
     uint G1ConcRefinementThreads                  = 10                                        {product} {ergonomic}
   size_t G1HeapRegionSize                         = 1048576                                   {product} {ergonomic}
    uintx GCDrainStackTargetSize                   = 64                                        {product} {ergonomic}
   size_t InitialHeapSize                          = 132120576                                 {product} {ergonomic}
   size_t MarkStackSize                            = 4194304                                   {product} {ergonomic}
   size_t MaxHeapSize                              = 2109734912                                {product} {ergonomic}
   size_t MinHeapDeltaBytes                        = 1048576                                   {product} {ergonomic}
    uintx NonNMethodCodeHeapSize                   = 5836300                                {pd product} {ergonomic}
    uintx NonProfiledCodeHeapSize                  = 122910970                              {pd product} {ergonomic}
    uintx ProfiledCodeHeapSize                     = 122910970                              {pd product} {ergonomic}
    uintx ReservedCodeCacheSize                    = 251658240                              {pd product} {ergonomic}
     bool SegmentedCodeCache                       = true                                      {product} {ergonomic}
     bool UseCompressedClassPointers               = true                                 {lp64_product} {ergonomic}
     bool UseCompressedOops                        = true                                 {lp64_product} {ergonomic}
     bool UseG1GC                                  = true                                      {product} {ergonomic}
     bool UseLargePagesIndividualAllocation        = false                                  {pd product} {ergonomic}

Logging:
Log output configuration:
 #0: stdout all=warning uptime,level,tags
 #1: stderr all=off uptime,level,tags

Environment Variables:
JAVA_HOME=C:\software\jdk-13.0.1
PATH=C:\Program Files\Git\mingw64\libexec\git-core;C:\Program Files\Git\mingw64\libexec\git-core;C:\Program Files\Git\mingw64\bin;C:\Program Files\Git\usr\bin;C:\Users\Gilles Schneider\bin;C:\Program Files\Python39\Scripts;C:\Program Files\Python39;C:\software\jdk-13.0.1\bin;C:\Program Files\NVIDIA GPU Computing Toolkit\CUDA\v10.0\bin;C:\Program Files\NVIDIA GPU Computing Toolkit\CUDA\v10.0\libnvvp;C:\Program Files (x86)\Common Files\Oracle\Java\javapath;C:\Program Files (x86)\Intel\Intel(R) Management Engine Components\iCLS;C:\Program Files\Intel\Intel(R) Management Engine Components\iCLS;C:\Windows\system32;C:\Windows;C:\Windows\System32\Wbem;C:\Windows\System32\WindowsPowerShell\v1.0;C:\Windows\System32\OpenSSH;C:\Program Files (x86)\Intel\Intel(R) Management Engine Components\DAL;C:\Program Files\Intel\Intel(R) Management Engine Components\DAL;C:\Program Files (x86)\Intel\Intel(R) Management Engine Components\IPT;C:\Program Files\Intel\Intel(R) Management Engine Components\IPT;C:\Program Files (x86)\NVIDIA Corporation\PhysX\Common;C:\Program Files\Intel\WiFi\bin;C:\Program Files\Common Files\Intel\WirelessCommon;C:\Program Files\NVIDIA Corporation\NVIDIA NvDLISR;C:\Program Files (x86)\AOMEI Backupper;C:\WINDOWS\system32;C:\WINDOWS;C:\WINDOWS\System32\Wbem;C:\WINDOWS\System32\WindowsPowerShell\v1.0;C:\WINDOWS\System32\OpenSSH;C:\Program Files\nodejs;C:\Program Files\Git\cmd;C:\Program Files\PuTTY;C:\Program Files (x86)\QuickTime\QTSystem;C:\Program Files (x86)\Calibre2;C:\WINDOWS\system32;C:\WINDOWS;C:\WINDOWS\System32\Wbem;C:\WINDOWS\System32\WindowsPowerShell\v1.0;C:\WINDOWS\System32\OpenSSH;C:\Program Files\swipl\bin;C:\Users\Gilles Schneider\AppData\Local\GitHubDesktop\bin;C:\Users\Gilles Schneider\AppData\Local\Programs\Microsoft VS Code\bin;C:\Program Files\JetBrains\PyCharm 2021.1.1\bin;C:\Program Files\JetBrains\IntelliJ IDEA 2021.1.1\bin
USERNAME=Gilles Schneider
DISPLAY=:0.0
LC_ALL=en_US.UTF-8
OS=Windows_NT
PROCESSOR_IDENTIFIER=Intel64 Family 6 Model 158 Stepping 10, GenuineIntel



---------------  S Y S T E M  ---------------

OS: Windows 10 , 64 bit Build 19041 (10.0.19041.928)
OS uptime: 0 days 13:24 hours

CPU:total 12 (initial active 12) (6 cores per cpu, 2 threads per core) family 6 model 158 stepping 10 microcode 0xb4, cmov, cx8, fxsr, mmx, sse, sse2, sse3, ssse3, sse4.1, sse4.2, popcnt, avx, avx2, aes, clmul, erms, 3dnowpref, lzcnt, ht, tsc, tscinvbit, bmi1, bmi2, adx, fma

Memory: 4k page, system-wide physical 8041M (464M free)
TotalPageFile size 32617M (AvailPageFile size 5M)
current process WorkingSet (physical memory assigned to process): 10M, peak: 10M
current process commit charge ("private bytes"): 59M, peak: 60M

vm_info: Dynamic Code Evolution 64-Bit Server VM (11.0.10+9-b1341.41) for windows-amd64 JRE (11.0.10+9-b1341.41), built on Apr 17 2021 07:18:15 by "" with MS VC++ 14.0 (VS2015)

END.
